<?xml version="1.0" encoding="UTF-8"?>
<testng-results ignored="0" total="1" passed="1" failed="0" skipped="0">
  <reporter-output>
  </reporter-output>
  <suite started-at="2023-07-06T19:40:26 IST" name="Default suite" finished-at="2023-07-06T19:40:32 IST" duration-ms="6627">
    <groups>
    </groups>
    <test started-at="2023-07-06T19:40:26 IST" name="Default test" finished-at="2023-07-06T19:40:32 IST" duration-ms="6627">
      <class name="org.xyz.automation.fb.testcases.SecondScenario_Signup">
        <test-method is-config="true" signature="launchBrowser()[pri:0, instance:org.xyz.automation.fb.testcases.SecondScenario_Signup@120f102b]" started-at="2023-07-06T19:40:26 IST" name="launchBrowser" finished-at="2023-07-06T19:40:30 IST" duration-ms="4522" status="PASS">
          <reporter-output>
          </reporter-output>
        </test-method> <!-- launchBrowser -->
        <test-method signature="verifysignupfunc()[pri:0, instance:org.xyz.automation.fb.testcases.SecondScenario_Signup@120f102b]" started-at="2023-07-06T19:40:30 IST" name="verifysignupfunc" finished-at="2023-07-06T19:40:32 IST" duration-ms="1634" status="PASS">
          <reporter-output>
          </reporter-output>
        </test-method> <!-- verifysignupfunc -->
        <test-method is-config="true" signature="closeBrowser()[pri:0, instance:org.xyz.automation.fb.testcases.SecondScenario_Signup@120f102b]" started-at="2023-07-06T19:40:32 IST" name="closeBrowser" finished-at="2023-07-06T19:40:32 IST" duration-ms="401" status="PASS">
          <reporter-output>
          </reporter-output>
        </test-method> <!-- closeBrowser -->
      </class> <!-- org.xyz.automation.fb.testcases.SecondScenario_Signup -->
    </test> <!-- Default test -->
  </suite> <!-- Default suite -->
</testng-results>
