<?xml version="1.0" encoding="UTF-8"?>
<!-- Generated by org.testng.reporters.JUnitXMLReporter -->
<testsuite ignored="1" hostname="DESKTOP-TBLA2PR" failures="0" tests="2" name="Test" time="20.999" errors="0" timestamp="2023-07-04T19:54:10 IST">
  <testcase classname="org.abc.automation.fb.HandleWindAlertFrames" name="handlealerts" time="7.181"/>
  <testcase classname="org.abc.automation.fb.HandleWindAlertFrames" name="handlefrmaes" time="13.723"/>
  <testcase classname="org.abc.automation.fb.HandleWindAlertFrames" name="handlewindow" time="0.0">
    <ignored/>
  </testcase> <!-- handlewindow -->
</testsuite> <!-- Test -->
